[35m[1mConsolidate compiler generated dependencies of target stepper_interface[0m
[ 33%] [32mBuilding CXX object CMakeFiles/stepper_interface.dir/src/stepper_interface.cpp.o[0m
[01m[K/home/john/robo_ws/src/stepper_interface/src/stepper_interface.cpp:[m[K In member function â€˜[01m[Kdouble stepper_interface::StepperInterface::calcSteps(double, int)[m[Kâ€™:
[01m[K/home/john/robo_ws/src/stepper_interface/src/stepper_interface.cpp:208:15:[m[K [01;31m[Kerror: [m[Kinvalid operands of types â€˜[01m[Kdouble[m[Kâ€™ and â€˜[01m[Kdouble(const char*) noexcept[m[Kâ€™ to binary â€˜[01m[Koperator==[m[Kâ€™
  208 |     if ([32m[Kangle[m[K [01;31m[K==[m[K [34m[Knan[m[K)
      |         [32m[K~~~~~[m[K [01;31m[K^~[m[K [34m[K~~~[m[K
      |         [32m[K|[m[K        [34m[K|[m[K
      |         [32m[Kdouble[m[K   [34m[Kdouble(const char*) noexcept[m[K
[01m[K/home/john/robo_ws/src/stepper_interface/src/stepper_interface.cpp:211:6:[m[K [01;31m[Kerror: [m[Kâ€˜[01m[Ks[m[Kâ€™ was not declared in this scope
  211 |     }[01;31m[Ks[m[K
      |      [01;31m[K^[m[K
[01m[K/home/john/robo_ws/src/stepper_interface/src/stepper_interface.cpp:213:1:[m[K [01;35m[Kwarning: [m[Kno return statement in function returning non-void [[01;35m[K]8;;https://gcc.gnu.org/onlinedocs/gcc/Warning-Options.html#index-Wreturn-type-Wreturn-type]8;;[m[K]
  213 | [01;35m[K}[m[K
      | [01;35m[K^[m[K
gmake[2]: *** [CMakeFiles/stepper_interface.dir/build.make:76: CMakeFiles/stepper_interface.dir/src/stepper_interface.cpp.o] Error 1
gmake[1]: *** [CMakeFiles/Makefile2:137: CMakeFiles/stepper_interface.dir/all] Error 2
gmake: *** [Makefile:146: all] Error 2
