[35m[1mConsolidate compiler generated dependencies of target dynamixel_hardware[0m
[ 50%] [32mBuilding CXX object CMakeFiles/dynamixel_hardware.dir/src/dynamixel_hardware.cpp.o[0m
[01m[K/home/john/robo_ws/src/dynamixel_hardware/dynamixel_hardware/src/dynamixel_hardware.cpp:[m[K In member function â€˜[01m[Kvirtual hardware_interface::return_type dynamixel_hardware::DynamixelHardware::read(const rclcpp::Time&, const rclcpp::Duration&)[m[Kâ€™:
[01m[K/home/john/robo_ws/src/dynamixel_hardware/dynamixel_hardware/src/dynamixel_hardware.cpp:284:37:[m[K [01;31m[Kerror: [m[Kinvalid type argument of unary â€˜[01m[K*[m[Kâ€™ (have â€˜[01m[Kuint[m[Kâ€™ {aka â€˜[01m[Kunsigned int[m[Kâ€™})
  284 |     joints_[i].state.position = (-1*[01;31m[K*(i)[m[K)*(positions[i] * ((2*3.14159)/4096));
      |                                     [01;31m[K^~~~[m[K
gmake[2]: *** [CMakeFiles/dynamixel_hardware.dir/build.make:76: CMakeFiles/dynamixel_hardware.dir/src/dynamixel_hardware.cpp.o] Error 1
gmake[1]: *** [CMakeFiles/Makefile2:137: CMakeFiles/dynamixel_hardware.dir/all] Error 2
gmake: *** [Makefile:146: all] Error 2
